<?xml version="1.0" encoding="UTF-8"?>
<!-- Generated by org.testng.reporters.JUnitReportReporter -->
<testsuite skipped="0" hostname="Yogesh-PC" name="com.mavenproject.MavenProject.Selenium" tests="2" failures="0" timestamp="07 Jan 2018 06:13:55 GMT" time="38.383" errors="0">
  <testcase name="SignUp" time="38.376" classname="com.mavenproject.MavenProject.Selenium"/>
  <testcase name="Login" time="0.007" classname="com.mavenproject.MavenProject.Selenium"/>
</testsuite> <!-- com.mavenproject.MavenProject.Selenium -->
