<?xml version="1.0" encoding="UTF-8"?>
<!-- Generated by org.testng.reporters.JUnitReportReporter -->
<testsuite skipped="0" hostname="Yogesh-PC" name="com.mavenproject.report.ReportExample" tests="1" failures="0" timestamp="07 Jan 2018 16:43:53 GMT" time="179.323" errors="0">
  <testcase name="Report" time="179.323" classname="com.mavenproject.report.ReportExample"/>
</testsuite> <!-- com.mavenproject.report.ReportExample -->
