<?xml version="1.0" encoding="UTF-8"?>
<!-- Generated by org.testng.reporters.JUnitReportReporter -->
<testsuite skipped="0" hostname="Yogesh-PC" name="com.mavenproject.testCases.tracko_TestCase" tests="1" failures="0" timestamp="13 Jan 2018 12:23:14 GMT" time="71.958" errors="0">
  <testcase name="Sign_upTestCaases" time="71.958" classname="com.mavenproject.testCases.tracko_TestCase"/>
</testsuite> <!-- com.mavenproject.testCases.tracko_TestCase -->
